[     691ms] [VERBOSE] [DOM] Input elements should have autocomplete attributes (suggested: "current-password"): (More info: https://goo.gl/9p2vKq) %o @ http://localhost:3000/login:0
[     743ms] Unexpected token '<'
[     752ms] Unexpected token '<'
[     753ms] Unexpected token '<'
[     757ms] Unexpected token '<'
[     841ms] Unexpected token '<'
[    1198ms] Unexpected token '<'
[    1217ms] Unexpected token '<'
[    1223ms] Unexpected token '<'
[    1231ms] Unexpected token '<'
[    1236ms] Unexpected token '<'
[    1275ms] Unexpected token '<'
[    1472ms] Unexpected token '<'
[    1713ms] Unexpected token '<'
[    1792ms] Unexpected token '<'
[    1796ms] Unexpected token '<'
[    1800ms] Unexpected token '<'
[    1804ms] Unexpected token '<'
[    1877ms] Unexpected token '<'
[    2018ms] Unexpected token '<'
[    2022ms] Unexpected token '<'
[    2027ms] Unexpected token '<'
[    5134ms] [WARNING] The resource http://localhost:3000/_next/static/media/83afe278b6a6bb3c-s.p.0q-301v4kxxnr.woff2 was preloaded using link preload but not used within a few seconds from the window's load event. Please make sure it has an appropriate `as` value and it is preloaded intentionally. @ http://localhost:3000/login:0
[   69997ms] [VERBOSE] [DOM] Input elements should have autocomplete attributes (suggested: "current-password"): (More info: https://goo.gl/9p2vKq) %o @ http://localhost:3000/login:0
[   70077ms] Unexpected token '<'
[   70081ms] Unexpected token '<'
[   70086ms] Unexpected token '<'
[   70091ms] Unexpected token '<'
[   70178ms] Unexpected token '<'
[   70499ms] Unexpected token '<'
[   70520ms] Unexpected token '<'
[   70525ms] Unexpected token '<'
[   70531ms] Unexpected token '<'
[   70536ms] Unexpected token '<'
[   70565ms] Unexpected token '<'
[   70702ms] Unexpected token '<'
[   70958ms] Unexpected token '<'
[   71029ms] Unexpected token '<'
[   71033ms] Unexpected token '<'
[   71037ms] Unexpected token '<'
[   71041ms] Unexpected token '<'
[   71110ms] Unexpected token '<'
[   71187ms] Unexpected token '<'
[   71253ms] Unexpected token '<'
[   71257ms] Unexpected token '<'
[   74344ms] [WARNING] The resource http://localhost:3000/_next/static/media/83afe278b6a6bb3c-s.p.0q-301v4kxxnr.woff2 was preloaded using link preload but not used within a few seconds from the window's load event. Please make sure it has an appropriate `as` value and it is preloaded intentionally. @ http://localhost:3000/login:0
